UnityM2D/Library/Bee/Android/Prj/IL2CPP/Gradle/launcher/build/outputs/logs/manifest-merger-release-report.txt
-- Merging decision tree log ---
manifest
ADDED from src\main\AndroidManifest.xml:2:1-5:12
INJECTED from src\main\AndroidManifest.xml:2:1-5:12
INJECTED from src\main\AndroidManifest.xml:2:1-5:12
INJECTED from src\main\AndroidManifest.xml:2:1-5:12
MERGED from [:unityLibrary] AndroidManifest.xml:2:1-90:12
MERGED from [androidx.constraintlayout:constraintlayout:2.1.4] AndroidManifest.xml:2:1-11:12
MERGED from [com.google.android.gms:play-services-ads:24.3.0] AndroidManifest.xml:17:1-25:12
MERGED from [com.google.android.gms:play-services-ads-api:24.3.0] AndroidManifest.xml:17:1-115:12
MERGED from [com.google.android.ump:user-messaging-platform:3.2.0] AndroidManifest.xml:2:1-7:12
MERGED from [:googlemobileads-unity:] AndroidManifest.xml:7:1-14:12
MERGED from [:unityLibrary:GoogleMobileAdsPlugin.androidlib] AndroidManifest.xml:2:1-22:12
MERGED from [androidx.appcompat:appcompat-resources:1.6.1] AndroidManifest.xml:17:1-22:12
MERGED from [androidx.appcompat:appcompat:1.6.1] AndroidManifest.xml:17:1-22:12
MERGED from [androidx.browser:browser:1.8.0] AndroidManifest.xml:2:1-7:12
MERGED from [androidx.webkit:webkit:1.11.0-alpha02] AndroidManifest.xml:2:1-7:12
MERGED from [com.google.android.gms:play-services-ads-identifier:18.0.0] AndroidManifest.xml:17:1-27:12
MERGED from [com.google.android.gms:play-services-appset:16.0.1] AndroidManifest.xml:2:1-9:12
MERGED from [com.google.android.gms:play-services-base:18.0.0] AndroidManifest.xml:16:1-24:12
MERGED from [com.google.android.gms:play-services-tasks:18.2.0] AndroidManifest.xml:2:1-5:12
MERGED from [com.google.android.gms:play-services-measurement-sdk-api:20.1.2] AndroidManifest.xml:17:1-28:12
MERGED from [com.google.android.gms:play-services-measurement-base:20.1.2] AndroidManifest.xml:2:1-9:12
MERGED from [com.google.android.gms:play-services-basement:18.4.0] AndroidManifest.xml:2:1-9:12
MERGED from [androidx.fragment:fragment:1.3.6] AndroidManifest.xml:17:1-24:12
MERGED from [androidx.activity:activity:1.6.0] AndroidManifest.xml:17:1-22:12
MERGED from [androidx.drawerlayout:drawerlayout:1.0.0] AndroidManifest.xml:17:1-22:12
MERGED from [androidx.emoji2:emoji2-views-helper:1.2.0] AndroidManifest.xml:2:1-7:12
MERGED from [androidx.emoji2:emoji2:1.2.0] AndroidManifest.xml:17:1-35:12
MERGED from [androidx.privacysandbox.ads:ads-adservices-java:1.0.0-beta05] AndroidManifest.xml:2:1-7:12
MERGED from [androidx.privacysandbox.ads:ads-adservices:1.0.0-beta05] AndroidManifest.xml:17:1-28:12
MERGED from [androidx.loader:loader:1.0.0] AndroidManifest.xml:17:1-22:12
MERGED from [androidx.lifecycle:lifecycle-viewmodel:2.5.1] AndroidManifest.xml:17:1-24:12
MERGED from [androidx.lifecycle:lifecycle-viewmodel-savedstate:2.5.1] AndroidManifest.xml:17:1-24:12
MERGED from [androidx.core:core-ktx:1.9.0] AndroidManifest.xml:2:1-7:12
MERGED from [androidx.work:work-runtime:2.7.0] AndroidManifest.xml:17:1-145:12
MERGED from [androidx.vectordrawable:vectordrawable-animated:1.1.0] AndroidManifest.xml:17:1-24:12
MERGED from [androidx.vectordrawable:vectordrawable:1.1.0] AndroidManifest.xml:17:1-24:12
MERGED from [androidx.viewpager:viewpager:1.0.0] AndroidManifest.xml:17:1-22:12
MERGED from [androidx.customview:customview:1.0.0] AndroidManifest.xml:17:1-22:12
MERGED from [androidx.core:core:1.9.0] AndroidManifest.xml:17:1-30:12
MERGED from [androidx.games:games-activity:3.0.5] AndroidManifest.xml:2:1-9:12
MERGED from [androidx.games:games-frame-pacing:2.1.2] AndroidManifest.xml:2:1-9:12
MERGED from [androidx.versionedparcelable:versionedparcelable:1.1.1] AndroidManifest.xml:17:1-27:12
MERGED from [androidx.cursoradapter:cursoradapter:1.0.0] AndroidManifest.xml:17:1-22:12
MERGED from [androidx.lifecycle:lifecycle-process:2.4.1] AndroidManifest.xml:17:1-37:12
MERGED from [androidx.lifecycle:lifecycle-service:2.1.0] AndroidManifest.xml:17:1-22:12
MERGED from [androidx.lifecycle:lifecycle-runtime:2.5.1] AndroidManifest.xml:17:1-24:12
MERGED from [androidx.savedstate:savedstate:1.2.0] AndroidManifest.xml:17:1-24:12
MERGED from [androidx.interpolator:interpolator:1.0.0] AndroidManifest.xml:17:1-22:12
MERGED from [androidx.startup:startup-runtime:1.1.1] AndroidManifest.xml:17:1-33:12
MERGED from [androidx.tracing:tracing:1.0.0] AndroidManifest.xml:17:1-24:12
MERGED from [androidx.lifecycle:lifecycle-livedata:2.1.0] AndroidManifest.xml:17:1-22:12
MERGED from [androidx.room:room-runtime:2.2.5] AndroidManifest.xml:17:1-31:12
MERGED from [androidx.lifecycle:lifecycle-livedata-core:2.5.1] AndroidManifest.xml:17:1-24:12
MERGED from [androidx.arch.core:core-runtime:2.1.0] AndroidManifest.xml:17:1-24:12
MERGED from [androidx.sqlite:sqlite-framework:2.1.0] AndroidManifest.xml:17:1-24:12
MERGED from [androidx.sqlite:sqlite:2.1.0] AndroidManifest.xml:17:1-24:12
MERGED from [androidx.annotation:annotation-experimental:1.4.0] AndroidManifest.xml:2:1-7:12
	package
		INJECTED from src\main\AndroidManifest.xml
	android:versionName
		INJECTED from src\main\AndroidManifest.xml
	xmlns:tools
		ADDED from src\main\AndroidManifest.xml:2:111-157
	android:versionCode
		INJECTED from src\main\AndroidManifest.xml
	xmlns:android
		ADDED from src\main\AndroidManifest.xml:2:52-110
	android:installLocation
		ADDED from src\main\AndroidManifest.xml:2:11-51
application
ADDED from src\main\AndroidManifest.xml:3:3-83
INJECTED from src\main\AndroidManifest.xml:3:3-83
MERGED from [:unityLibrary] AndroidManifest.xml:24:5-88:19
MERGED from [:unityLibrary] AndroidManifest.xml:24:5-88:19
MERGED from [androidx.constraintlayout:constraintlayout:2.1.4] AndroidManifest.xml:9:5-20
MERGED from [androidx.constraintlayout:constraintlayout:2.1.4] AndroidManifest.xml:9:5-20
MERGED from [com.google.android.gms:play-services-ads-api:24.3.0] AndroidManifest.xml:70:5-113:19
MERGED from [com.google.android.gms:play-services-ads-api:24.3.0] AndroidManifest.xml:70:5-113:19
MERGED from [:unityLibrary:GoogleMobileAdsPlugin.androidlib] AndroidManifest.xml:9:5-20:19
MERGED from [:unityLibrary:GoogleMobileAdsPlugin.androidlib] AndroidManifest.xml:9:5-20:19
MERGED from [com.google.android.gms:play-services-ads-identifier:18.0.0] AndroidManifest.xml:25:5-20
MERGED from [com.google.android.gms:play-services-ads-identifier:18.0.0] AndroidManifest.xml:25:5-20
MERGED from [com.google.android.gms:play-services-appset:16.0.1] AndroidManifest.xml:7:5-20
MERGED from [com.google.android.gms:play-services-appset:16.0.1] AndroidManifest.xml:7:5-20
MERGED from [com.google.android.gms:play-services-base:18.0.0] AndroidManifest.xml:19:5-23:19
MERGED from [com.google.android.gms:play-services-base:18.0.0] AndroidManifest.xml:19:5-23:19
MERGED from [com.google.android.gms:play-services-tasks:18.2.0] AndroidManifest.xml:4:5-20
MERGED from [com.google.android.gms:play-services-tasks:18.2.0] AndroidManifest.xml:4:5-20
MERGED from [com.google.android.gms:play-services-measurement-base:20.1.2] AndroidManifest.xml:7:5-20
MERGED from [com.google.android.gms:play-services-measurement-base:20.1.2] AndroidManifest.xml:7:5-20
MERGED from [com.google.android.gms:play-services-basement:18.4.0] AndroidManifest.xml:5:5-7:19
MERGED from [com.google.android.gms:play-services-basement:18.4.0] AndroidManifest.xml:5:5-7:19
MERGED from [androidx.emoji2:emoji2:1.2.0] AndroidManifest.xml:23:5-33:19
MERGED from [androidx.emoji2:emoji2:1.2.0] AndroidManifest.xml:23:5-33:19
MERGED from [androidx.privacysandbox.ads:ads-adservices:1.0.0-beta05] AndroidManifest.xml:22:5-26:19
MERGED from [androidx.privacysandbox.ads:ads-adservices:1.0.0-beta05] AndroidManifest.xml:22:5-26:19
MERGED from [androidx.work:work-runtime:2.7.0] AndroidManifest.xml:30:5-143:19
MERGED from [androidx.work:work-runtime:2.7.0] AndroidManifest.xml:30:5-143:19
MERGED from [androidx.core:core:1.9.0] AndroidManifest.xml:28:5-89
MERGED from [androidx.core:core:1.9.0] AndroidManifest.xml:28:5-89
MERGED from [androidx.versionedparcelable:versionedparcelable:1.1.1] AndroidManifest.xml:24:5-25:19
MERGED from [androidx.versionedparcelable:versionedparcelable:1.1.1] AndroidManifest.xml:24:5-25:19
MERGED from [androidx.lifecycle:lifecycle-process:2.4.1] AndroidManifest.xml:25:5-35:19
MERGED from [androidx.lifecycle:lifecycle-process:2.4.1] AndroidManifest.xml:25:5-35:19
MERGED from [androidx.startup:startup-runtime:1.1.1] AndroidManifest.xml:25:5-31:19
MERGED from [androidx.startup:startup-runtime:1.1.1] AndroidManifest.xml:25:5-31:19
MERGED from [androidx.room:room-runtime:2.2.5] AndroidManifest.xml:24:5-29:19
MERGED from [androidx.room:room-runtime:2.2.5] AndroidManifest.xml:24:5-29:19
	android:extractNativeLibs
		INJECTED from src\main\AndroidManifest.xml
		REJECTED from [:unityLibrary] AndroidManifest.xml:26:9-41
	android:appComponentFactory
		ADDED from [androidx.core:core:1.9.0] AndroidManifest.xml:28:18-86
	android:label
		ADDED from src\main\AndroidManifest.xml:3:48-80
	android:icon
		ADDED from src\main\AndroidManifest.xml:3:16-47
	android:enableOnBackInvokedCallback
		ADDED from [:unityLibrary] AndroidManifest.xml:25:9-52
supports-screens
ADDED from src\main\AndroidManifest.xml:4:3-163
	android:largeScreens
		ADDED from src\main\AndroidManifest.xml:4:78-105
	android:smallScreens
		ADDED from src\main\AndroidManifest.xml:4:21-48
	android:normalScreens
		ADDED from src\main\AndroidManifest.xml:4:49-77
	android:xlargeScreens
		ADDED from src\main\AndroidManifest.xml:4:106-134
	android:anyDensity
		ADDED from src\main\AndroidManifest.xml:4:135-160
uses-sdk
INJECTED from src\main\AndroidManifest.xml reason: use-sdk injection requested
INJECTED from src\main\AndroidManifest.xml
INJECTED from src\main\AndroidManifest.xml
MERGED from [:unityLibrary] AndroidManifest.xml:6:5-44
MERGED from [:unityLibrary] AndroidManifest.xml:6:5-44
MERGED from [androidx.constraintlayout:constraintlayout:2.1.4] AndroidManifest.xml:5:5-7:41
MERGED from [androidx.constraintlayout:constraintlayout:2.1.4] AndroidManifest.xml:5:5-7:41
MERGED from [com.google.android.gms:play-services-ads:24.3.0] AndroidManifest.xml:21:5-23:52
MERGED from [com.google.android.gms:play-services-ads:24.3.0] AndroidManifest.xml:21:5-23:52
MERGED from [com.google.android.gms:play-services-ads-api:24.3.0] AndroidManifest.xml:21:5-44
MERGED from [com.google.android.gms:play-services-ads-api:24.3.0] AndroidManifest.xml:21:5-44
MERGED from [com.google.android.ump:user-messaging-platform:3.2.0] AndroidManifest.xml:5:5-44
MERGED from [com.google.android.ump:user-messaging-platform:3.2.0] AndroidManifest.xml:5:5-44
MERGED from [:googlemobileads-unity:] AndroidManifest.xml:10:5-44
MERGED from [:googlemobileads-unity:] AndroidManifest.xml:10:5-44
MERGED from [:unityLibrary:GoogleMobileAdsPlugin.androidlib] AndroidManifest.xml:7:5-44
MERGED from [:unityLibrary:GoogleMobileAdsPlugin.androidlib] AndroidManifest.xml:7:5-44
MERGED from [androidx.appcompat:appcompat-resources:1.6.1] AndroidManifest.xml:20:5-44
MERGED from [androidx.appcompat:appcompat-resources:1.6.1] AndroidManifest.xml:20:5-44
MERGED from [androidx.appcompat:appcompat:1.6.1] AndroidManifest.xml:20:5-44
MERGED from [androidx.appcompat:appcompat:1.6.1] AndroidManifest.xml:20:5-44
MERGED from [androidx.browser:browser:1.8.0] AndroidManifest.xml:5:5-44
MERGED from [androidx.browser:browser:1.8.0] AndroidManifest.xml:5:5-44
MERGED from [androidx.webkit:webkit:1.11.0-alpha02] AndroidManifest.xml:5:5-44
MERGED from [androidx.webkit:webkit:1.11.0-alpha02] AndroidManifest.xml:5:5-44
MERGED from [com.google.android.gms:play-services-ads-identifier:18.0.0] AndroidManifest.xml:20:5-44
MERGED from [com.google.android.gms:play-services-ads-identifier:18.0.0] AndroidManifest.xml:20:5-44
MERGED from [com.google.android.gms:play-services-appset:16.0.1] AndroidManifest.xml:5:5-44
MERGED from [com.google.android.gms:play-services-appset:16.0.1] AndroidManifest.xml:5:5-44
MERGED from [com.google.android.gms:play-services-base:18.0.0] AndroidManifest.xml:18:5-43
MERGED from [com.google.android.gms:play-services-base:18.0.0] AndroidManifest.xml:18:5-43
MERGED from [com.google.android.gms:play-services-tasks:18.2.0] AndroidManifest.xml:3:5-44
MERGED from [com.google.android.gms:play-services-tasks:18.2.0] AndroidManifest.xml:3:5-44
MERGED from [com.google.android.gms:play-services-measurement-sdk-api:20.1.2] AndroidManifest.xml:20:5-44
MERGED from [com.google.android.gms:play-services-measurement-sdk-api:20.1.2] AndroidManifest.xml:20:5-44
MERGED from [com.google.android.gms:play-services-measurement-base:20.1.2] AndroidManifest.xml:5:5-44
MERGED from [com.google.android.gms:play-services-measurement-base:20.1.2] AndroidManifest.xml:5:5-44
MERGED from [com.google.android.gms:play-services-basement:18.4.0] AndroidManifest.xml:3:5-44
MERGED from [com.google.android.gms:play-services-basement:18.4.0] AndroidManifest.xml:3:5-44
MERGED from [androidx.fragment:fragment:1.3.6] AndroidManifest.xml:20:5-22:41
MERGED from [androidx.fragment:fragment:1.3.6] AndroidManifest.xml:20:5-22:41
MERGED from [androidx.activity:activity:1.6.0] AndroidManifest.xml:20:5-44
MERGED from [androidx.activity:activity:1.6.0] AndroidManifest.xml:20:5-44
MERGED from [androidx.drawerlayout:drawerlayout:1.0.0] AndroidManifest.xml:20:5-44
MERGED from [androidx.drawerlayout:drawerlayout:1.0.0] AndroidManifest.xml:20:5-44
MERGED from [androidx.emoji2:emoji2-views-helper:1.2.0] AndroidManifest.xml:5:5-44
MERGED from [androidx.emoji2:emoji2-views-helper:1.2.0] AndroidManifest.xml:5:5-44
MERGED from [androidx.emoji2:emoji2:1.2.0] AndroidManifest.xml:21:5-44
MERGED from [androidx.emoji2:emoji2:1.2.0] AndroidManifest.xml:21:5-44
MERGED from [androidx.privacysandbox.ads:ads-adservices-java:1.0.0-beta05] AndroidManifest.xml:5:5-44
MERGED from [androidx.privacysandbox.ads:ads-adservices-java:1.0.0-beta05] AndroidManifest.xml:5:5-44
MERGED from [androidx.privacysandbox.ads:ads-adservices:1.0.0-beta05] AndroidManifest.xml:20:5-44
MERGED from [androidx.privacysandbox.ads:ads-adservices:1.0.0-beta05] AndroidManifest.xml:20:5-44
MERGED from [androidx.loader:loader:1.0.0] AndroidManifest.xml:20:5-44
MERGED from [androidx.loader:loader:1.0.0] AndroidManifest.xml:20:5-44
MERGED from [androidx.lifecycle:lifecycle-viewmodel:2.5.1] AndroidManifest.xml:20:5-22:41
MERGED from [androidx.lifecycle:lifecycle-viewmodel:2.5.1] AndroidManifest.xml:20:5-22:41
MERGED from [androidx.lifecycle:lifecycle-viewmodel-savedstate:2.5.1] AndroidManifest.xml:20:5-22:41
MERGED from [androidx.lifecycle:lifecycle-viewmodel-savedstate:2.5.1] AndroidManifest.xml:20:5-22:41
MERGED from [androidx.core:core-ktx:1.9.0] AndroidManifest.xml:5:5-44
MERGED from [androidx.core:core-ktx:1.9.0] AndroidManifest.xml:5:5-44
MERGED from [androidx.work:work-runtime:2.7.0] AndroidManifest.xml:21:5-23:41
MERGED from [androidx.work:work-runtime:2.7.0] AndroidManifest.xml:21:5-23:41
MERGED from [androidx.vectordrawable:vectordrawable-animated:1.1.0] AndroidManifest.xml:20:5-22:41
MERGED from [androidx.vectordrawable:vectordrawable-animated:1.1.0] AndroidManifest.xml:20:5-22:41
MERGED from [androidx.vectordrawable:vectordrawable:1.1.0] AndroidManifest.xml:20:5-22:41
MERGED from [androidx.vectordrawable:vectordrawable:1.1.0] AndroidManifest.xml:20:5-22:41
MERGED from [androidx.viewpager:viewpager:1.0.0] AndroidManifest.xml:20:5-44
MERGED from [androidx.viewpager:viewpager:1.0.0] AndroidManifest.xml:20:5-44
MERGED from [androidx.customview:customview:1.0.0] AndroidManifest.xml:20:5-44
MERGED from [androidx.customview:customview:1.0.0] AndroidManifest.xml:20:5-44
MERGED from [androidx.core:core:1.9.0] AndroidManifest.xml:20:5-44
MERGED from [androidx.core:core:1.9.0] AndroidManifest.xml:20:5-44
MERGED from [androidx.games:games-activity:3.0.5] AndroidManifest.xml:5:5-7:41
MERGED from [androidx.games:games-activity:3.0.5] AndroidManifest.xml:5:5-7:41
MERGED from [androidx.games:games-frame-pacing:2.1.2] AndroidManifest.xml:5:5-7:41
MERGED from [androidx.games:games-frame-pacing:2.1.2] AndroidManifest.xml:5:5-7:41
MERGED from [androidx.versionedparcelable:versionedparcelable:1.1.1] AndroidManifest.xml:20:5-22:41
MERGED from [androidx.versionedparcelable:versionedparcelable:1.1.1] AndroidManifest.xml:20:5-22:41
MERGED from [androidx.cursoradapter:cursoradapter:1.0.0] AndroidManifest.xml:20:5-44
MERGED from [androidx.cursoradapter:cursoradapter:1.0.0] AndroidManifest.xml:20:5-44
MERGED from [androidx.lifecycle:lifecycle-process:2.4.1] AndroidManifest.xml:21:5-23:41
MERGED from [androidx.lifecycle:lifecycle-process:2.4.1] AndroidManifest.xml:21:5-23:41
MERGED from [androidx.lifecycle:lifecycle-service:2.1.0] AndroidManifest.xml:20:5-44
MERGED from [androidx.lifecycle:lifecycle-service:2.1.0] AndroidManifest.xml:20:5-44
MERGED from [androidx.lifecycle:lifecycle-runtime:2.5.1] AndroidManifest.xml:20:5-22:41
MERGED from [androidx.lifecycle:lifecycle-runtime:2.5.1] AndroidManifest.xml:20:5-22:41
MERGED from [androidx.savedstate:savedstate:1.2.0] AndroidManifest.xml:20:5-22:41
MERGED from [androidx.savedstate:savedstate:1.2.0] AndroidManifest.xml:20:5-22:41
MERGED from [androidx.interpolator:interpolator:1.0.0] AndroidManifest.xml:20:5-44
MERGED from [androidx.interpolator:interpolator:1.0.0] AndroidManifest.xml:20:5-44
MERGED from [androidx.startup:startup-runtime:1.1.1] AndroidManifest.xml:21:5-23:41
MERGED from [androidx.startup:startup-runtime:1.1.1] AndroidManifest.xml:21:5-23:41
MERGED from [androidx.tracing:tracing:1.0.0] AndroidManifest.xml:20:5-22:41
MERGED from [androidx.tracing:tracing:1.0.0] AndroidManifest.xml:20:5-22:41
MERGED from [androidx.lifecycle:lifecycle-livedata:2.1.0] AndroidManifest.xml:20:5-44
MERGED from [androidx.lifecycle:lifecycle-livedata:2.1.0] AndroidManifest.xml:20:5-44
MERGED from [androidx.room:room-runtime:2.2.5] AndroidManifest.xml:20:5-22:41
MERGED from [androidx.room:room-runtime:2.2.5] AndroidManifest.xml:20:5-22:41
MERGED from [androidx.lifecycle:lifecycle-livedata-core:2.5.1] AndroidManifest.xml:20:5-22:41
MERGED from [androidx.lifecycle:lifecycle-livedata-core:2.5.1] AndroidManifest.xml:20:5-22:41
MERGED from [androidx.arch.core:core-runtime:2.1.0] AndroidManifest.xml:20:5-22:41
MERGED from [androidx.arch.core:core-runtime:2.1.0] AndroidManifest.xml:20:5-22:41
MERGED from [androidx.sqlite:sqlite-framework:2.1.0] AndroidManifest.xml:20:5-22:41
MERGED from [androidx.sqlite:sqlite-framework:2.1.0] AndroidManifest.xml:20:5-22:41
MERGED from [androidx.sqlite:sqlite:2.1.0] AndroidManifest.xml:20:5-22:41
MERGED from [androidx.sqlite:sqlite:2.1.0] AndroidManifest.xml:20:5-22:41
MERGED from [androidx.annotation:annotation-experimental:1.4.0] AndroidManifest.xml:5:5-44
MERGED from [androidx.annotation:annotation-experimental:1.4.0] AndroidManifest.xml:5:5-44
	tools:overrideLibrary
		ADDED from [com.google.android.gms:play-services-ads:24.3.0] AndroidManifest.xml:23:9-49
	android:targetSdkVersion
		INJECTED from src\main\AndroidManifest.xml
	android:minSdkVersion
		INJECTED from src\main\AndroidManifest.xml
uses-permission#android.permission.INTERNET
ADDED from [:unityLibrary] AndroidManifest.xml:8:5-67
MERGED from [com.google.android.gms:play-services-ads-api:24.3.0] AndroidManifest.xml:24:5-67
MERGED from [com.google.android.gms:play-services-ads-api:24.3.0] AndroidManifest.xml:24:5-67
MERGED from [:googlemobileads-unity:] AndroidManifest.xml:12:5-67
MERGED from [:googlemobileads-unity:] AndroidManifest.xml:12:5-67
MERGED from [com.google.android.gms:play-services-measurement-sdk-api:20.1.2] AndroidManifest.xml:23:5-67
MERGED from [com.google.android.gms:play-services-measurement-sdk-api:20.1.2] AndroidManifest.xml:23:5-67
	android:name
		ADDED from [:unityLibrary] AndroidManifest.xml:8:22-64
uses-feature#0x00030000
ADDED from [:unityLibrary] AndroidManifest.xml:10:5-54
	android:glEsVersion
		ADDED from [:unityLibrary] AndroidManifest.xml:10:19-51
uses-feature#android.hardware.vulkan.version
ADDED from [:unityLibrary] AndroidManifest.xml:11:5-13:36
	android:required
		ADDED from [:unityLibrary] AndroidManifest.xml:13:9-33
	android:name
		ADDED from [:unityLibrary] AndroidManifest.xml:12:9-55
uses-feature#android.hardware.touchscreen
ADDED from [:unityLibrary] AndroidManifest.xml:14:5-16:36
	android:required
		ADDED from [:unityLibrary] AndroidManifest.xml:16:9-33
	android:name
		ADDED from [:unityLibrary] AndroidManifest.xml:15:9-52
uses-feature#android.hardware.touchscreen.multitouch
ADDED from [:unityLibrary] AndroidManifest.xml:17:5-19:36
	android:required
		ADDED from [:unityLibrary] AndroidManifest.xml:19:9-33
	android:name
		ADDED from [:unityLibrary] AndroidManifest.xml:18:9-63
uses-feature#android.hardware.touchscreen.multitouch.distinct
ADDED from [:unityLibrary] AndroidManifest.xml:20:5-22:36
	android:required
		ADDED from [:unityLibrary] AndroidManifest.xml:22:9-33
	android:name
		ADDED from [:unityLibrary] AndroidManifest.xml:21:9-72
meta-data#unity.splash-mode
ADDED from [:unityLibrary] AndroidManifest.xml:27:9-29:33
	android:value
		ADDED from [:unityLibrary] AndroidManifest.xml:29:13-30
	android:name
		ADDED from [:unityLibrary] AndroidManifest.xml:28:13-45
meta-data#unity.splash-enable
ADDED from [:unityLibrary] AndroidManifest.xml:30:9-32:36
	android:value
		ADDED from [:unityLibrary] AndroidManifest.xml:32:13-33
	android:name
		ADDED from [:unityLibrary] AndroidManifest.xml:31:13-47
meta-data#unity.launch-fullscreen
ADDED from [:unityLibrary] AndroidManifest.xml:33:9-35:36
	android:value
		ADDED from [:unityLibrary] AndroidManifest.xml:35:13-33
	android:name
		ADDED from [:unityLibrary] AndroidManifest.xml:34:13-51
meta-data#unity.render-outside-safearea
ADDED from [:unityLibrary] AndroidManifest.xml:36:9-38:36
	android:value
		ADDED from [:unityLibrary] AndroidManifest.xml:38:13-33
	android:name
		ADDED from [:unityLibrary] AndroidManifest.xml:37:13-57
meta-data#notch.config
ADDED from [:unityLibrary] AndroidManifest.xml:39:9-41:50
	android:value
		ADDED from [:unityLibrary] AndroidManifest.xml:41:13-47
	android:name
		ADDED from [:unityLibrary] AndroidManifest.xml:40:13-40
meta-data#unity.auto-report-fully-drawn
ADDED from [:unityLibrary] AndroidManifest.xml:42:9-44:36
	android:value
		ADDED from [:unityLibrary] AndroidManifest.xml:44:13-33
	android:name
		ADDED from [:unityLibrary] AndroidManifest.xml:43:13-57
meta-data#unity.auto-set-game-state
ADDED from [:unityLibrary] AndroidManifest.xml:45:9-47:36
	android:value
		ADDED from [:unityLibrary] AndroidManifest.xml:47:13-33
	android:name
		ADDED from [:unityLibrary] AndroidManifest.xml:46:13-53
meta-data#unity.strip-engine-code
ADDED from [:unityLibrary] AndroidManifest.xml:48:9-50:36
	android:value
		ADDED from [:unityLibrary] AndroidManifest.xml:50:13-33
	android:name
		ADDED from [:unityLibrary] AndroidManifest.xml:49:13-51
activity#com.unity3d.player.UnityPlayerGameActivity
ADDED from [:unityLibrary] AndroidManifest.xml:52:9-87:20
	android:screenOrientation
		ADDED from [:unityLibrary] AndroidManifest.xml:60:13-49
	android:enabled
		ADDED from [:unityLibrary] AndroidManifest.xml:55:13-35
	android:launchMode
		ADDED from [:unityLibrary] AndroidManifest.xml:58:13-44
	android:hardwareAccelerated
		ADDED from [:unityLibrary] AndroidManifest.xml:57:13-48
	android:exported
		ADDED from [:unityLibrary] AndroidManifest.xml:56:13-36
	android:resizeableActivity
		ADDED from [:unityLibrary] AndroidManifest.xml:59:13-46
	android:configChanges
		ADDED from [:unityLibrary] AndroidManifest.xml:54:13-194
	android:theme
		ADDED from [:unityLibrary] AndroidManifest.xml:61:13-62
	android:name
		ADDED from [:unityLibrary] AndroidManifest.xml:53:13-70
intent-filter#action:name:android.intent.action.MAIN+category:name:android.intent.category.LAUNCHER
ADDED from [:unityLibrary] AndroidManifest.xml:62:13-66:29
category#android.intent.category.LAUNCHER
ADDED from [:unityLibrary] AndroidManifest.xml:63:17-77
	android:name
		ADDED from [:unityLibrary] AndroidManifest.xml:63:27-74
action#android.intent.action.MAIN
ADDED from [:unityLibrary] AndroidManifest.xml:65:17-69
	android:name
		ADDED from [:unityLibrary] AndroidManifest.xml:65:25-66
meta-data#unityplayer.UnityActivity
ADDED from [:unityLibrary] AndroidManifest.xml:68:13-70:40
	android:value
		ADDED from [:unityLibrary] AndroidManifest.xml:70:17-37
	android:name
		ADDED from [:unityLibrary] AndroidManifest.xml:69:17-57
meta-data#android.app.lib_name
ADDED from [:unityLibrary] AndroidManifest.xml:71:13-73:40
	android:value
		ADDED from [:unityLibrary] AndroidManifest.xml:73:17-37
	android:name
		ADDED from [:unityLibrary] AndroidManifest.xml:72:17-52
meta-data#WindowManagerPreference:FreeformWindowSize
ADDED from [:unityLibrary] AndroidManifest.xml:74:13-76:71
	android:value
		ADDED from [:unityLibrary] AndroidManifest.xml:76:17-68
	android:name
		ADDED from [:unityLibrary] AndroidManifest.xml:75:17-74
meta-data#WindowManagerPreference:FreeformWindowOrientation
ADDED from [:unityLibrary] AndroidManifest.xml:77:13-79:79
	android:value
		ADDED from [:unityLibrary] AndroidManifest.xml:79:17-76
	android:name
		ADDED from [:unityLibrary] AndroidManifest.xml:78:17-81
meta-data#notch_support
ADDED from [:unityLibrary] AndroidManifest.xml:80:13-82:40
	android:value
		ADDED from [:unityLibrary] AndroidManifest.xml:82:17-37
	android:name
		ADDED from [:unityLibrary] AndroidManifest.xml:81:17-45
layout
ADDED from [:unityLibrary] AndroidManifest.xml:84:13-86:44
	android:minWidth
		ADDED from [:unityLibrary] AndroidManifest.xml:86:17-41
	android:minHeight
		ADDED from [:unityLibrary] AndroidManifest.xml:85:17-42
uses-permission#android.permission.ACCESS_NETWORK_STATE
ADDED from [com.google.android.gms:play-services-ads-api:24.3.0] AndroidManifest.xml:25:5-79
MERGED from [com.google.android.gms:play-services-measurement-sdk-api:20.1.2] AndroidManifest.xml:24:5-79
MERGED from [com.google.android.gms:play-services-measurement-sdk-api:20.1.2] AndroidManifest.xml:24:5-79
MERGED from [androidx.work:work-runtime:2.7.0] AndroidManifest.xml:26:5-79
MERGED from [androidx.work:work-runtime:2.7.0] AndroidManifest.xml:26:5-79
	android:name
		ADDED from [com.google.android.gms:play-services-ads-api:24.3.0] AndroidManifest.xml:25:22-76
uses-permission#com.google.android.gms.permission.AD_ID
ADDED from [com.google.android.gms:play-services-ads-api:24.3.0] AndroidManifest.xml:26:5-79
MERGED from [com.google.android.gms:play-services-ads-identifier:18.0.0] AndroidManifest.xml:23:5-79
MERGED from [com.google.android.gms:play-services-ads-identifier:18.0.0] AndroidManifest.xml:23:5-79
MERGED from [com.google.android.gms:play-services-measurement-sdk-api:20.1.2] AndroidManifest.xml:26:5-79
MERGED from [com.google.android.gms:play-services-measurement-sdk-api:20.1.2] AndroidManifest.xml:26:5-79
	android:name
		ADDED from [com.google.android.gms:play-services-ads-api:24.3.0] AndroidManifest.xml:26:22-76
uses-permission#android.permission.ACCESS_ADSERVICES_AD_ID
ADDED from [com.google.android.gms:play-services-ads-api:24.3.0] AndroidManifest.xml:27:5-82
	android:name
		ADDED from [com.google.android.gms:play-services-ads-api:24.3.0] AndroidManifest.xml:27:22-79
uses-permission#android.permission.ACCESS_ADSERVICES_ATTRIBUTION
ADDED from [com.google.android.gms:play-services-ads-api:24.3.0] AndroidManifest.xml:28:5-88
	android:name
		ADDED from [com.google.android.gms:play-services-ads-api:24.3.0] AndroidManifest.xml:28:22-85
uses-permission#android.permission.ACCESS_ADSERVICES_TOPICS
ADDED from [com.google.android.gms:play-services-ads-api:24.3.0] AndroidManifest.xml:29:5-83
	android:name
		ADDED from [com.google.android.gms:play-services-ads-api:24.3.0] AndroidManifest.xml:29:22-80
uses-permission#android.permission.RECEIVE_BOOT_COMPLETED
ADDED from [com.google.android.gms:play-services-ads-api:24.3.0] AndroidManifest.xml:30:5-32:31
REJECTED from [androidx.work:work-runtime:2.7.0] AndroidManifest.xml:27:5-81
	tools:node
		ADDED from [com.google.android.gms:play-services-ads-api:24.3.0] AndroidManifest.xml:32:9-28
	android:name
		ADDED from [com.google.android.gms:play-services-ads-api:24.3.0] AndroidManifest.xml:31:9-65
queries
ADDED from [com.google.android.gms:play-services-ads-api:24.3.0] AndroidManifest.xml:35:5-68:15
intent#action:name:android.intent.action.VIEW+category:name:android.intent.category.BROWSABLE+data:scheme:https
ADDED from [com.google.android.gms:play-services-ads-api:24.3.0] AndroidManifest.xml:38:9-44:18
action#android.intent.action.VIEW
ADDED from [com.google.android.gms:play-services-ads-api:24.3.0] AndroidManifest.xml:39:13-65
	android:name
		ADDED from [com.google.android.gms:play-services-ads-api:24.3.0] AndroidManifest.xml:39:21-62
category#android.intent.category.BROWSABLE
ADDED from [com.google.android.gms:play-services-ads-api:24.3.0] AndroidManifest.xml:41:13-74
	android:name
		ADDED from [com.google.android.gms:play-services-ads-api:24.3.0] AndroidManifest.xml:41:23-71
data
ADDED from [com.google.android.gms:play-services-ads-api:24.3.0] AndroidManifest.xml:43:13-44
	android:scheme
		ADDED from [com.google.android.gms:play-services-ads-api:24.3.0] AndroidManifest.xml:43:19-41
intent#action:name:android.support.customtabs.action.CustomTabsService
ADDED from [com.google.android.gms:play-services-ads-api:24.3.0] AndroidManifest.xml:47:9-49:18
action#android.support.customtabs.action.CustomTabsService
ADDED from [com.google.android.gms:play-services-ads-api:24.3.0] AndroidManifest.xml:48:13-90
	android:name
		ADDED from [com.google.android.gms:play-services-ads-api:24.3.0] AndroidManifest.xml:48:21-87
intent#action:name:android.intent.action.INSERT+data:mimeType:vnd.android.cursor.dir/event
ADDED from [com.google.android.gms:play-services-ads-api:24.3.0] AndroidManifest.xml:52:9-56:18
action#android.intent.action.INSERT
ADDED from [com.google.android.gms:play-services-ads-api:24.3.0] AndroidManifest.xml:53:13-67
	android:name
		ADDED from [com.google.android.gms:play-services-ads-api:24.3.0] AndroidManifest.xml:53:21-64
intent#action:name:android.intent.action.VIEW+data:scheme:sms
ADDED from [com.google.android.gms:play-services-ads-api:24.3.0] AndroidManifest.xml:57:9-61:18
intent#action:name:android.intent.action.DIAL+data:path:tel: